<?xml version="1.0" encoding="UTF-8"?>
<!-- Generated by org.testng.reporters.JUnitReportReporter -->
<testsuite skipped="0" hostname="admin-PC" name="dataprovider.DataProvider.Login" tests="2" failures="0" timestamp="12 Feb 2024 01:59:35 GMT" time="0.063" errors="0">
  <testcase name="login" time="0.063" classname="dataprovider.DataProvider.Login"/>
  <testcase name="login" time="0.000" classname="dataprovider.DataProvider.Login"/>
</testsuite> <!-- dataprovider.DataProvider.Login -->
